<?xml version="1.0" encoding="UTF-8"?>
<!-- Generated by org.testng.reporters.JUnitXMLReporter -->
<testsuite ignored="0" hostname="LAPTOP-1HRV6H1C" failures="0" tests="3" name="Default test" time="0.105" errors="0" timestamp="2021-08-11T18:56:46 IST">
  <testcase classname="test1.ExecuteGrow" name="@BeforeTest launchBrowser" time="-1.6286884065E9">
    <failure type="org.testng.TestNGException" message="
Parameter &amp;apos;browser&amp;apos; is required by BeforeTest on method launchBrowser but has not been marked @Optional or defined
in C:\Users\Ayush Dilip Tilekar\AppData\Local\Temp\testng-eclipse--305921480\testng-customsuite.xml">
      <![CDATA[org.testng.TestNGException: 
Parameter 'browser' is required by BeforeTest on method launchBrowser but has not been marked @Optional or defined
in C:\Users\Ayush Dilip Tilekar\AppData\Local\Temp\testng-eclipse--305921480\testng-customsuite.xml
at org.testng.internal.Parameters.createParams(Parameters.java:270)
at org.testng.internal.Parameters.createParametersForMethod(Parameters.java:358)
at org.testng.internal.Parameters.createParameters(Parameters.java:700)
at org.testng.internal.Parameters.createConfigurationParameters(Parameters.java:168)
at org.testng.internal.ConfigInvoker.invokeConfigurations(ConfigInvoker.java:302)
at org.testng.TestRunner.invokeTestConfigurations(TestRunner.java:637)
at org.testng.TestRunner.beforeRun(TestRunner.java:627)
at org.testng.TestRunner.run(TestRunner.java:589)
at org.testng.SuiteRunner.runTest(SuiteRunner.java:377)
at org.testng.SuiteRunner.runSequentially(SuiteRunner.java:371)
at org.testng.SuiteRunner.privateRun(SuiteRunner.java:332)
at org.testng.SuiteRunner.run(SuiteRunner.java:276)
at org.testng.SuiteRunnerWorker.runSuite(SuiteRunnerWorker.java:53)
at org.testng.SuiteRunnerWorker.run(SuiteRunnerWorker.java:96)
at org.testng.TestNG.runSuitesSequentially(TestNG.java:1212)
at org.testng.TestNG.runSuitesLocally(TestNG.java:1134)
at org.testng.TestNG.runSuites(TestNG.java:1063)
at org.testng.TestNG.run(TestNG.java:1031)
at org.testng.remote.AbstractRemoteTestNG.run(AbstractRemoteTestNG.java:115)
at org.testng.remote.RemoteTestNG.initAndRun(RemoteTestNG.java:251)
at org.testng.remote.RemoteTestNG.main(RemoteTestNG.java:77)
]]>
    </failure>
  </testcase> <!-- @BeforeTest launchBrowser -->
  <testcase classname="test1.ExecuteGrow" name="@BeforeClass browserLaunch" time="-1.628688406541E9">
    <skipped/>
  </testcase> <!-- @BeforeClass browserLaunch -->
  <testcase classname="test1.ExecuteGrow" name="@BeforeMethod logInApp" time="-1.628688406561E9">
    <skipped/>
  </testcase> <!-- @BeforeMethod logInApp -->
  <testcase classname="test1.ExecuteGrow" name="@AfterMethod logoutApp" time="-1.62868840657E9">
    <skipped/>
  </testcase> <!-- @AfterMethod logoutApp -->
  <testcase classname="test1.ExecuteGrow" name="@BeforeMethod logInApp" time="-1.628688406572E9">
    <skipped/>
  </testcase> <!-- @BeforeMethod logInApp -->
  <testcase classname="test1.ExecuteGrow" name="@AfterMethod logoutApp" time="-1.628688406577E9">
    <skipped/>
  </testcase> <!-- @AfterMethod logoutApp -->
  <testcase classname="test1.ExecuteGrow" name="@BeforeMethod logInApp" time="-1.62868840658E9">
    <skipped/>
  </testcase> <!-- @BeforeMethod logInApp -->
  <testcase classname="test1.ExecuteGrow" name="@AfterMethod logoutApp" time="-1.628688406589E9">
    <skipped/>
  </testcase> <!-- @AfterMethod logoutApp -->
  <testcase classname="test1.ExecuteGrow" name="@AfterClass closeRef" time="-1.628688406591E9">
    <skipped/>
  </testcase> <!-- @AfterClass closeRef -->
  <testcase classname="test1.ExecuteGrow" name="@AfterTest closeApp" time="-1.628688406595E9">
    <skipped/>
  </testcase> <!-- @AfterTest closeApp -->
  <testcase classname="test1.ExecuteGrow" name="ValidateGoldIcon" time="0.0">
    <skipped/>
  </testcase> <!-- ValidateGoldIcon -->
  <testcase classname="test1.ExecuteGrow" name="ValidateMutualfundIcon" time="0.0">
    <skipped/>
  </testcase> <!-- ValidateMutualfundIcon -->
  <testcase classname="test1.ExecuteGrow" name="ValidateStocksIcon" time="0.0">
    <skipped/>
  </testcase> <!-- ValidateStocksIcon -->
</testsuite> <!-- Default test -->
