<?xml version="1.0" encoding="UTF-8"?>
<testng-results ignored="0" total="3" passed="0" failed="0" skipped="3">
  <reporter-output>
  </reporter-output>
  <suite started-at="2021-08-11T18:56:46 IST" name="Default suite" finished-at="2021-08-11T18:56:46 IST" duration-ms="105">
    <groups>
    </groups>
    <test started-at="2021-08-11T18:56:46 IST" name="Default test" finished-at="2021-08-11T18:56:46 IST" duration-ms="105">
      <class name="test1.ExecuteGrow">
        <test-method is-config="true" signature="launchBrowser(java.lang.String)[pri:0, instance:test1.ExecuteGrow@f736069]" started-at="2021-08-11T18:56:46 IST" name="launchBrowser" finished-at="1970-01-01T05:30:00 IST" duration-ms="-1628688406500" status="FAIL">
          <exception class="org.testng.TestNGException">
            <message>
              <![CDATA[
Parameter 'browser' is required by BeforeTest on method launchBrowser but has not been marked @Optional or defined
in C:\Users\Ayush Dilip Tilekar\AppData\Local\Temp\testng-eclipse--305921480\testng-customsuite.xml]]>
            </message>
            <full-stacktrace>
              <![CDATA[org.testng.TestNGException: 
Parameter 'browser' is required by BeforeTest on method launchBrowser but has not been marked @Optional or defined
in C:\Users\Ayush Dilip Tilekar\AppData\Local\Temp\testng-eclipse--305921480\testng-customsuite.xml
at org.testng.internal.Parameters.createParams(Parameters.java:270)
at org.testng.internal.Parameters.createParametersForMethod(Parameters.java:358)
at org.testng.internal.Parameters.createParameters(Parameters.java:700)
at org.testng.internal.Parameters.createConfigurationParameters(Parameters.java:168)
at org.testng.internal.ConfigInvoker.invokeConfigurations(ConfigInvoker.java:302)
at org.testng.TestRunner.invokeTestConfigurations(TestRunner.java:637)
at org.testng.TestRunner.beforeRun(TestRunner.java:627)
at org.testng.TestRunner.run(TestRunner.java:589)
at org.testng.SuiteRunner.runTest(SuiteRunner.java:377)
at org.testng.SuiteRunner.runSequentially(SuiteRunner.java:371)
at org.testng.SuiteRunner.privateRun(SuiteRunner.java:332)
at org.testng.SuiteRunner.run(SuiteRunner.java:276)
at org.testng.SuiteRunnerWorker.runSuite(SuiteRunnerWorker.java:53)
at org.testng.SuiteRunnerWorker.run(SuiteRunnerWorker.java:96)
at org.testng.TestNG.runSuitesSequentially(TestNG.java:1212)
at org.testng.TestNG.runSuitesLocally(TestNG.java:1134)
at org.testng.TestNG.runSuites(TestNG.java:1063)
at org.testng.TestNG.run(TestNG.java:1031)
at org.testng.remote.AbstractRemoteTestNG.run(AbstractRemoteTestNG.java:115)
at org.testng.remote.RemoteTestNG.initAndRun(RemoteTestNG.java:251)
at org.testng.remote.RemoteTestNG.main(RemoteTestNG.java:77)
]]>
            </full-stacktrace>
          </exception> <!-- org.testng.TestNGException -->
          <reporter-output>
          </reporter-output>
        </test-method> <!-- launchBrowser -->
        <test-method is-config="true" signature="browserLaunch()[pri:0, instance:test1.ExecuteGrow@f736069]" started-at="2021-08-11T18:56:46 IST" name="browserLaunch" finished-at="1970-01-01T05:30:00 IST" duration-ms="-1628688406541" status="SKIP">
          <reporter-output>
          </reporter-output>
        </test-method> <!-- browserLaunch -->
        <test-method is-config="true" signature="logInApp()[pri:0, instance:test1.ExecuteGrow@f736069]" started-at="2021-08-11T18:56:46 IST" name="logInApp" finished-at="1970-01-01T05:30:00 IST" duration-ms="-1628688406561" status="SKIP">
          <reporter-output>
          </reporter-output>
        </test-method> <!-- logInApp -->
        <test-method signature="ValidateGoldIcon()[pri:0, instance:test1.ExecuteGrow@f736069]" started-at="2021-08-11T18:56:46 IST" name="ValidateGoldIcon" finished-at="2021-08-11T18:56:46 IST" duration-ms="0" status="SKIP">
          <exception class="org.testng.TestNGException">
            <message>
              <![CDATA[
Parameter 'browser' is required by BeforeTest on method launchBrowser but has not been marked @Optional or defined
in C:\Users\Ayush Dilip Tilekar\AppData\Local\Temp\testng-eclipse--305921480\testng-customsuite.xml]]>
            </message>
            <full-stacktrace>
              <![CDATA[org.testng.TestNGException: 
Parameter 'browser' is required by BeforeTest on method launchBrowser but has not been marked @Optional or defined
in C:\Users\Ayush Dilip Tilekar\AppData\Local\Temp\testng-eclipse--305921480\testng-customsuite.xml
at org.testng.internal.Parameters.createParams(Parameters.java:270)
at org.testng.internal.Parameters.createParametersForMethod(Parameters.java:358)
at org.testng.internal.Parameters.createParameters(Parameters.java:700)
at org.testng.internal.Parameters.createConfigurationParameters(Parameters.java:168)
at org.testng.internal.ConfigInvoker.invokeConfigurations(ConfigInvoker.java:302)
at org.testng.TestRunner.invokeTestConfigurations(TestRunner.java:637)
at org.testng.TestRunner.beforeRun(TestRunner.java:627)
at org.testng.TestRunner.run(TestRunner.java:589)
at org.testng.SuiteRunner.runTest(SuiteRunner.java:377)
at org.testng.SuiteRunner.runSequentially(SuiteRunner.java:371)
at org.testng.SuiteRunner.privateRun(SuiteRunner.java:332)
at org.testng.SuiteRunner.run(SuiteRunner.java:276)
at org.testng.SuiteRunnerWorker.runSuite(SuiteRunnerWorker.java:53)
at org.testng.SuiteRunnerWorker.run(SuiteRunnerWorker.java:96)
at org.testng.TestNG.runSuitesSequentially(TestNG.java:1212)
at org.testng.TestNG.runSuitesLocally(TestNG.java:1134)
at org.testng.TestNG.runSuites(TestNG.java:1063)
at org.testng.TestNG.run(TestNG.java:1031)
at org.testng.remote.AbstractRemoteTestNG.run(AbstractRemoteTestNG.java:115)
at org.testng.remote.RemoteTestNG.initAndRun(RemoteTestNG.java:251)
at org.testng.remote.RemoteTestNG.main(RemoteTestNG.java:77)
]]>
            </full-stacktrace>
          </exception> <!-- org.testng.TestNGException -->
          <reporter-output>
          </reporter-output>
        </test-method> <!-- ValidateGoldIcon -->
        <test-method is-config="true" signature="logoutApp(org.testng.ITestResult)[pri:0, instance:test1.ExecuteGrow@f736069]" started-at="2021-08-11T18:56:46 IST" name="logoutApp" finished-at="1970-01-01T05:30:00 IST" duration-ms="-1628688406570" status="SKIP">
          <reporter-output>
          </reporter-output>
        </test-method> <!-- logoutApp -->
        <test-method is-config="true" signature="logInApp()[pri:0, instance:test1.ExecuteGrow@f736069]" started-at="2021-08-11T18:56:46 IST" name="logInApp" finished-at="1970-01-01T05:30:00 IST" duration-ms="-1628688406572" status="SKIP">
          <reporter-output>
          </reporter-output>
        </test-method> <!-- logInApp -->
        <test-method signature="ValidateMutualfundIcon()[pri:0, instance:test1.ExecuteGrow@f736069]" started-at="2021-08-11T18:56:46 IST" name="ValidateMutualfundIcon" finished-at="2021-08-11T18:56:46 IST" duration-ms="0" status="SKIP">
          <exception class="org.testng.TestNGException">
            <message>
              <![CDATA[
Parameter 'browser' is required by BeforeTest on method launchBrowser but has not been marked @Optional or defined
in C:\Users\Ayush Dilip Tilekar\AppData\Local\Temp\testng-eclipse--305921480\testng-customsuite.xml]]>
            </message>
            <full-stacktrace>
              <![CDATA[org.testng.TestNGException: 
Parameter 'browser' is required by BeforeTest on method launchBrowser but has not been marked @Optional or defined
in C:\Users\Ayush Dilip Tilekar\AppData\Local\Temp\testng-eclipse--305921480\testng-customsuite.xml
at org.testng.internal.Parameters.createParams(Parameters.java:270)
at org.testng.internal.Parameters.createParametersForMethod(Parameters.java:358)
at org.testng.internal.Parameters.createParameters(Parameters.java:700)
at org.testng.internal.Parameters.createConfigurationParameters(Parameters.java:168)
at org.testng.internal.ConfigInvoker.invokeConfigurations(ConfigInvoker.java:302)
at org.testng.TestRunner.invokeTestConfigurations(TestRunner.java:637)
at org.testng.TestRunner.beforeRun(TestRunner.java:627)
at org.testng.TestRunner.run(TestRunner.java:589)
at org.testng.SuiteRunner.runTest(SuiteRunner.java:377)
at org.testng.SuiteRunner.runSequentially(SuiteRunner.java:371)
at org.testng.SuiteRunner.privateRun(SuiteRunner.java:332)
at org.testng.SuiteRunner.run(SuiteRunner.java:276)
at org.testng.SuiteRunnerWorker.runSuite(SuiteRunnerWorker.java:53)
at org.testng.SuiteRunnerWorker.run(SuiteRunnerWorker.java:96)
at org.testng.TestNG.runSuitesSequentially(TestNG.java:1212)
at org.testng.TestNG.runSuitesLocally(TestNG.java:1134)
at org.testng.TestNG.runSuites(TestNG.java:1063)
at org.testng.TestNG.run(TestNG.java:1031)
at org.testng.remote.AbstractRemoteTestNG.run(AbstractRemoteTestNG.java:115)
at org.testng.remote.RemoteTestNG.initAndRun(RemoteTestNG.java:251)
at org.testng.remote.RemoteTestNG.main(RemoteTestNG.java:77)
]]>
            </full-stacktrace>
          </exception> <!-- org.testng.TestNGException -->
          <reporter-output>
          </reporter-output>
        </test-method> <!-- ValidateMutualfundIcon -->
        <test-method is-config="true" signature="logoutApp(org.testng.ITestResult)[pri:0, instance:test1.ExecuteGrow@f736069]" started-at="2021-08-11T18:56:46 IST" name="logoutApp" finished-at="1970-01-01T05:30:00 IST" duration-ms="-1628688406577" status="SKIP">
          <reporter-output>
          </reporter-output>
        </test-method> <!-- logoutApp -->
        <test-method is-config="true" signature="logInApp()[pri:0, instance:test1.ExecuteGrow@f736069]" started-at="2021-08-11T18:56:46 IST" name="logInApp" finished-at="1970-01-01T05:30:00 IST" duration-ms="-1628688406580" status="SKIP">
          <reporter-output>
          </reporter-output>
        </test-method> <!-- logInApp -->
        <test-method signature="ValidateStocksIcon()[pri:0, instance:test1.ExecuteGrow@f736069]" started-at="2021-08-11T18:56:46 IST" name="ValidateStocksIcon" finished-at="2021-08-11T18:56:46 IST" duration-ms="0" status="SKIP">
          <exception class="org.testng.TestNGException">
            <message>
              <![CDATA[
Parameter 'browser' is required by BeforeTest on method launchBrowser but has not been marked @Optional or defined
in C:\Users\Ayush Dilip Tilekar\AppData\Local\Temp\testng-eclipse--305921480\testng-customsuite.xml]]>
            </message>
            <full-stacktrace>
              <![CDATA[org.testng.TestNGException: 
Parameter 'browser' is required by BeforeTest on method launchBrowser but has not been marked @Optional or defined
in C:\Users\Ayush Dilip Tilekar\AppData\Local\Temp\testng-eclipse--305921480\testng-customsuite.xml
at org.testng.internal.Parameters.createParams(Parameters.java:270)
at org.testng.internal.Parameters.createParametersForMethod(Parameters.java:358)
at org.testng.internal.Parameters.createParameters(Parameters.java:700)
at org.testng.internal.Parameters.createConfigurationParameters(Parameters.java:168)
at org.testng.internal.ConfigInvoker.invokeConfigurations(ConfigInvoker.java:302)
at org.testng.TestRunner.invokeTestConfigurations(TestRunner.java:637)
at org.testng.TestRunner.beforeRun(TestRunner.java:627)
at org.testng.TestRunner.run(TestRunner.java:589)
at org.testng.SuiteRunner.runTest(SuiteRunner.java:377)
at org.testng.SuiteRunner.runSequentially(SuiteRunner.java:371)
at org.testng.SuiteRunner.privateRun(SuiteRunner.java:332)
at org.testng.SuiteRunner.run(SuiteRunner.java:276)
at org.testng.SuiteRunnerWorker.runSuite(SuiteRunnerWorker.java:53)
at org.testng.SuiteRunnerWorker.run(SuiteRunnerWorker.java:96)
at org.testng.TestNG.runSuitesSequentially(TestNG.java:1212)
at org.testng.TestNG.runSuitesLocally(TestNG.java:1134)
at org.testng.TestNG.runSuites(TestNG.java:1063)
at org.testng.TestNG.run(TestNG.java:1031)
at org.testng.remote.AbstractRemoteTestNG.run(AbstractRemoteTestNG.java:115)
at org.testng.remote.RemoteTestNG.initAndRun(RemoteTestNG.java:251)
at org.testng.remote.RemoteTestNG.main(RemoteTestNG.java:77)
]]>
            </full-stacktrace>
          </exception> <!-- org.testng.TestNGException -->
          <reporter-output>
          </reporter-output>
        </test-method> <!-- ValidateStocksIcon -->
        <test-method is-config="true" signature="logoutApp(org.testng.ITestResult)[pri:0, instance:test1.ExecuteGrow@f736069]" started-at="2021-08-11T18:56:46 IST" name="logoutApp" finished-at="1970-01-01T05:30:00 IST" duration-ms="-1628688406589" status="SKIP">
          <reporter-output>
          </reporter-output>
        </test-method> <!-- logoutApp -->
        <test-method is-config="true" signature="closeRef()[pri:0, instance:test1.ExecuteGrow@f736069]" started-at="2021-08-11T18:56:46 IST" name="closeRef" finished-at="1970-01-01T05:30:00 IST" duration-ms="-1628688406591" status="SKIP">
          <reporter-output>
          </reporter-output>
        </test-method> <!-- closeRef -->
        <test-method is-config="true" signature="closeApp()[pri:0, instance:test1.ExecuteGrow@f736069]" started-at="2021-08-11T18:56:46 IST" name="closeApp" finished-at="1970-01-01T05:30:00 IST" duration-ms="-1628688406595" status="SKIP">
          <reporter-output>
          </reporter-output>
        </test-method> <!-- closeApp -->
      </class> <!-- test1.ExecuteGrow -->
    </test> <!-- Default test -->
  </suite> <!-- Default suite -->
</testng-results>
